========================================================================================================================
===============================================         LOG FILE         ===============================================
========================================================================================================================
2024-07-14 09:52:29,438 - INFO - Processing category: world-records
2024-07-14 09:59:16,428 - INFO - Processing category: world-records
2024-07-14 09:59:46,604 - INFO - Cookie consent dismissed.
2024-07-14 09:59:47,042 - INFO - Files data/data_after/women_world_records.csv and data/data_after/men_world_records.csv have been created successfully.
2024-07-14 09:59:47,043 - INFO - Processing category: olympic-games-records
2024-07-14 10:00:16,928 - INFO - Cookie consent dialog not found or already dismissed: Message: 
2024-07-14 10:00:17,028 - INFO - Files data/data_after/women_olympic_games_records.csv and data/data_after/men_olympic_games_records.csv have been created successfully.
2024-07-14 10:00:17,028 - INFO - Processing category: african-records
2024-07-14 10:00:53,080 - INFO - Cookie consent dialog not found or already dismissed: Message: 
2024-07-14 10:00:53,228 - INFO - Files data/data_after/women_african_records.csv and data/data_after/men_african_records.csv have been created successfully.
2024-07-14 10:00:53,228 - INFO - Processing category: asian-records
2024-07-14 10:01:07,491 - INFO - Cookie consent dialog not found or already dismissed: Message: 
2024-07-14 10:01:07,633 - INFO - Files data/data_after/women_asian_records.csv and data/data_after/men_asian_records.csv have been created successfully.
2024-07-14 10:01:07,633 - INFO - Processing category: european-records
2024-07-14 10:01:19,844 - INFO - Cookie consent dialog not found or already dismissed: Message: 
2024-07-14 10:01:20,001 - INFO - Files data/data_after/women_european_records.csv and data/data_after/men_european_records.csv have been created successfully.
2024-07-14 10:01:20,001 - INFO - Processing category: nacac-records
2024-07-14 10:02:25,036 - INFO - Cookie consent dialog not found or already dismissed: Message: 
2024-07-14 10:02:25,166 - INFO - Files data/data_after/women_nacac_records.csv and data/data_after/men_nacac_records.csv have been created successfully.
2024-07-14 10:02:25,166 - INFO - Processing category: oceanian-records
2024-07-14 10:02:38,702 - INFO - Cookie consent dialog not found or already dismissed: Message: 
2024-07-14 10:02:38,861 - INFO - Files data/data_after/women_oceanian_records.csv and data/data_after/men_oceanian_records.csv have been created successfully.
2024-07-14 10:02:38,861 - INFO - Processing category: south-american-records
2024-07-14 10:03:18,249 - INFO - Cookie consent dialog not found or already dismissed: Message: 
2024-07-14 10:03:18,393 - INFO - Files data/data_after/women_south_american_records.csv and data/data_after/men_south_american_records.csv have been created successfully.
